<?xml version="1.0" encoding="UTF-8"?>
<!-- Generated by org.testng.reporters.JUnitReportReporter -->
<testsuite skipped="0" hostname="MTLP-983" name="com.automation.AppiumFramework.EcommerceTC1" tests="1" failures="0" timestamp="2020-09-18T13:56:10 IST" time="48.712" errors="0">
  <testcase name="sumValidation" time="48.712" classname="com.automation.AppiumFramework.EcommerceTC1"/>
  <system-out/>
</testsuite> <!-- com.automation.AppiumFramework.EcommerceTC1 -->
