<?xml version="1.0" encoding="UTF-8"?>
<!-- Generated by org.testng.reporters.JUnitReportReporter -->
<testsuite skipped="0" hostname="MTLP-983" name="com.automation.AppiumFramework.ApiDemoTest" tests="1" failures="0" timestamp="28 Sep 2020 15:44:23 GMT" time="44.566" errors="0">
  <testcase name="apiDemoTest" time="44.566" classname="com.automation.AppiumFramework.ApiDemoTest"/>
</testsuite> <!-- com.automation.AppiumFramework.ApiDemoTest -->
