<?xml version="1.0" encoding="UTF-8"?>
<!-- Generated by org.testng.reporters.JUnitReportReporter -->
<testsuite skipped="0" hostname="MTLP-983" name="com.automation.AppiumFramework.EcommerceTC1" tests="1" failures="0" timestamp="28 Sep 2020 15:44:23 GMT" time="61.217" errors="0">
  <testcase name="sumValidation" time="61.217" classname="com.automation.AppiumFramework.EcommerceTC1"/>
</testsuite> <!-- com.automation.AppiumFramework.EcommerceTC1 -->
